<?xml version="1.0" encoding="UTF-8"?>
<testsuite xmlns:xsi="http://www.w3.org/2001/XMLSchema-instance" xsi:noNamespaceSchemaLocation="https://maven.apache.org/surefire/maven-surefire-plugin/xsd/surefire-test-report.xsd" name="TestSuite" time="6.897" tests="9" errors="0" skipped="9" failures="0">
  <properties>
    <property name="sun.desktop" value="windows"/>
    <property name="awt.toolkit" value="sun.awt.windows.WToolkit"/>
    <property name="file.encoding.pkg" value="sun.io"/>
    <property name="java.specification.version" value="1.8"/>
    <property name="sun.cpu.isalist" value="amd64"/>
    <property name="sun.jnu.encoding" value="Cp1252"/>
    <property name="java.class.path" value="C:\Users\Shekhar\git\FirstProject1\HybridFramework\target\test-classes;C:\Users\Shekhar\git\FirstProject1\HybridFramework\target\classes;C:\Users\Shekhar\.m2\repository\org\apache\poi\poi\3.17\poi-3.17.jar;C:\Users\Shekhar\.m2\repository\commons-codec\commons-codec\1.10\commons-codec-1.10.jar;C:\Users\Shekhar\.m2\repository\org\apache\commons\commons-collections4\4.1\commons-collections4-4.1.jar;C:\Users\Shekhar\.m2\repository\org\apache\poi\poi-ooxml\3.17\poi-ooxml-3.17.jar;C:\Users\Shekhar\.m2\repository\com\github\virtuald\curvesapi\1.04\curvesapi-1.04.jar;C:\Users\Shekhar\.m2\repository\org\apache\poi\poi-ooxml-schemas\3.17\poi-ooxml-schemas-3.17.jar;C:\Users\Shekhar\.m2\repository\dom4j\dom4j\1.6\dom4j-1.6.jar;C:\Users\Shekhar\.m2\repository\xml-apis\xml-apis\1.0.b2\xml-apis-1.0.b2.jar;C:\Users\Shekhar\.m2\repository\org\apache\xmlbeans\xmlbeans\2.6.0\xmlbeans-2.6.0.jar;C:\Users\Shekhar\.m2\repository\stax\stax-api\1.0.1\stax-api-1.0.1.jar;C:\Users\Shekhar\.m2\repository\org\seleniumhq\selenium\selenium-java\3.14.0\selenium-java-3.14.0.jar;C:\Users\Shekhar\.m2\repository\org\seleniumhq\selenium\selenium-api\3.14.0\selenium-api-3.14.0.jar;C:\Users\Shekhar\.m2\repository\org\seleniumhq\selenium\selenium-chrome-driver\3.14.0\selenium-chrome-driver-3.14.0.jar;C:\Users\Shekhar\.m2\repository\org\seleniumhq\selenium\selenium-edge-driver\3.14.0\selenium-edge-driver-3.14.0.jar;C:\Users\Shekhar\.m2\repository\org\seleniumhq\selenium\selenium-firefox-driver\3.14.0\selenium-firefox-driver-3.14.0.jar;C:\Users\Shekhar\.m2\repository\org\seleniumhq\selenium\selenium-ie-driver\3.14.0\selenium-ie-driver-3.14.0.jar;C:\Users\Shekhar\.m2\repository\org\seleniumhq\selenium\selenium-opera-driver\3.14.0\selenium-opera-driver-3.14.0.jar;C:\Users\Shekhar\.m2\repository\org\seleniumhq\selenium\selenium-remote-driver\3.14.0\selenium-remote-driver-3.14.0.jar;C:\Users\Shekhar\.m2\repository\org\seleniumhq\selenium\selenium-safari-driver\3.14.0\selenium-safari-driver-3.14.0.jar;C:\Users\Shekhar\.m2\repository\org\seleniumhq\selenium\selenium-support\3.14.0\selenium-support-3.14.0.jar;C:\Users\Shekhar\.m2\repository\net\bytebuddy\byte-buddy\1.8.15\byte-buddy-1.8.15.jar;C:\Users\Shekhar\.m2\repository\org\apache\commons\commons-exec\1.3\commons-exec-1.3.jar;C:\Users\Shekhar\.m2\repository\commons-logging\commons-logging\1.2\commons-logging-1.2.jar;C:\Users\Shekhar\.m2\repository\org\apache\httpcomponents\httpcore\4.4.9\httpcore-4.4.9.jar;C:\Users\Shekhar\.m2\repository\com\squareup\okhttp3\okhttp\3.10.0\okhttp-3.10.0.jar;C:\Users\Shekhar\.m2\repository\com\squareup\okio\okio\1.14.1\okio-1.14.1.jar;C:\Users\Shekhar\.m2\repository\com\aventstack\extentreports\3.1.2\extentreports-3.1.2.jar;C:\Users\Shekhar\.m2\repository\org\freemarker\freemarker\2.3.23\freemarker-2.3.23.jar;C:\Users\Shekhar\.m2\repository\org\mongodb\mongodb-driver\3.3.0\mongodb-driver-3.3.0.jar;C:\Users\Shekhar\.m2\repository\org\mongodb\bson\3.3.0\bson-3.3.0.jar;C:\Users\Shekhar\.m2\repository\org\mongodb\mongodb-driver-core\3.3.0\mongodb-driver-core-3.3.0.jar;C:\Users\Shekhar\.m2\repository\org\apache\httpcomponents\httpmime\4.5.2\httpmime-4.5.2.jar;C:\Users\Shekhar\.m2\repository\org\jsoup\jsoup\1.9.2\jsoup-1.9.2.jar;C:\Users\Shekhar\.m2\repository\org\testng\testng\6.14.3\testng-6.14.3.jar;C:\Users\Shekhar\.m2\repository\com\beust\jcommander\1.72\jcommander-1.72.jar;C:\Users\Shekhar\.m2\repository\org\apache-extras\beanshell\bsh\2.0b6\bsh-2.0b6.jar;C:\Users\Shekhar\.m2\repository\com\google\code\gson\gson\2.8.5\gson-2.8.5.jar;C:\Users\Shekhar\.m2\repository\org\apache\httpcomponents\httpclient\4.5.6\httpclient-4.5.6.jar;C:\Users\Shekhar\.m2\repository\com\google\guava\guava\23.0\guava-23.0.jar;C:\Users\Shekhar\.m2\repository\com\google\code\findbugs\jsr305\1.3.9\jsr305-1.3.9.jar;C:\Users\Shekhar\.m2\repository\com\google\errorprone\error_prone_annotations\2.0.18\error_prone_annotations-2.0.18.jar;C:\Users\Shekhar\.m2\repository\com\google\j2objc\j2objc-annotations\1.1\j2objc-annotations-1.1.jar;C:\Users\Shekhar\.m2\repository\org\codehaus\mojo\animal-sniffer-annotations\1.14\animal-sniffer-annotations-1.14.jar;C:\Users\Shekhar\.m2\repository\cglib\cglib\3.2.9\cglib-3.2.9.jar;C:\Users\Shekhar\.m2\repository\org\ow2\asm\asm\7.0\asm-7.0.jar;C:\Users\Shekhar\.m2\repository\org\apache\ant\ant\1.10.3\ant-1.10.3.jar;C:\Users\Shekhar\.m2\repository\org\apache\ant\ant-launcher\1.10.3\ant-launcher-1.10.3.jar;C:\Users\Shekhar\.m2\repository\commons-validator\commons-validator\1.6\commons-validator-1.6.jar;C:\Users\Shekhar\.m2\repository\commons-beanutils\commons-beanutils\1.9.2\commons-beanutils-1.9.2.jar;C:\Users\Shekhar\.m2\repository\commons-digester\commons-digester\1.8.1\commons-digester-1.8.1.jar;C:\Users\Shekhar\.m2\repository\commons-collections\commons-collections\3.2.2\commons-collections-3.2.2.jar;C:\Users\Shekhar\.m2\repository\javax\mail\mail\1.4.7\mail-1.4.7.jar;C:\Users\Shekhar\.m2\repository\javax\activation\activation\1.1\activation-1.1.jar;C:\Users\Shekhar\.m2\repository\commons-io\commons-io\1.3.2\commons-io-1.3.2.jar;C:\Users\Shekhar\.m2\repository\net\sf\saxon\saxon\8.7\saxon-8.7.jar;"/>
    <property name="java.vm.vendor" value="Oracle Corporation"/>
    <property name="sun.arch.data.model" value="64"/>
    <property name="user.variant" value=""/>
    <property name="java.vendor.url" value="http://java.oracle.com/"/>
    <property name="user.timezone" value="America/Los_Angeles"/>
    <property name="java.vm.specification.version" value="1.8"/>
    <property name="os.name" value="Windows 10"/>
    <property name="user.country" value="US"/>
    <property name="sun.java.launcher" value="SUN_STANDARD"/>
    <property name="sun.boot.library.path" value="C:\Program Files\Java\jdk1.8.0_161\jre\bin"/>
    <property name="sun.java.command" value="C:\Users\Shekhar\AppData\Local\Temp\surefire71597616986696911\surefirebooter3239048877633724107.jar C:\Users\Shekhar\AppData\Local\Temp\surefire71597616986696911 2019-01-15T01-46-21_459-jvmRun1 surefire6401938031386638633tmp surefire_01577960556365911927tmp"/>
    <property name="surefire.test.class.path" value="C:\Users\Shekhar\git\FirstProject1\HybridFramework\target\test-classes;C:\Users\Shekhar\git\FirstProject1\HybridFramework\target\classes;C:\Users\Shekhar\.m2\repository\org\apache\poi\poi\3.17\poi-3.17.jar;C:\Users\Shekhar\.m2\repository\commons-codec\commons-codec\1.10\commons-codec-1.10.jar;C:\Users\Shekhar\.m2\repository\org\apache\commons\commons-collections4\4.1\commons-collections4-4.1.jar;C:\Users\Shekhar\.m2\repository\org\apache\poi\poi-ooxml\3.17\poi-ooxml-3.17.jar;C:\Users\Shekhar\.m2\repository\com\github\virtuald\curvesapi\1.04\curvesapi-1.04.jar;C:\Users\Shekhar\.m2\repository\org\apache\poi\poi-ooxml-schemas\3.17\poi-ooxml-schemas-3.17.jar;C:\Users\Shekhar\.m2\repository\dom4j\dom4j\1.6\dom4j-1.6.jar;C:\Users\Shekhar\.m2\repository\xml-apis\xml-apis\1.0.b2\xml-apis-1.0.b2.jar;C:\Users\Shekhar\.m2\repository\org\apache\xmlbeans\xmlbeans\2.6.0\xmlbeans-2.6.0.jar;C:\Users\Shekhar\.m2\repository\stax\stax-api\1.0.1\stax-api-1.0.1.jar;C:\Users\Shekhar\.m2\repository\org\seleniumhq\selenium\selenium-java\3.14.0\selenium-java-3.14.0.jar;C:\Users\Shekhar\.m2\repository\org\seleniumhq\selenium\selenium-api\3.14.0\selenium-api-3.14.0.jar;C:\Users\Shekhar\.m2\repository\org\seleniumhq\selenium\selenium-chrome-driver\3.14.0\selenium-chrome-driver-3.14.0.jar;C:\Users\Shekhar\.m2\repository\org\seleniumhq\selenium\selenium-edge-driver\3.14.0\selenium-edge-driver-3.14.0.jar;C:\Users\Shekhar\.m2\repository\org\seleniumhq\selenium\selenium-firefox-driver\3.14.0\selenium-firefox-driver-3.14.0.jar;C:\Users\Shekhar\.m2\repository\org\seleniumhq\selenium\selenium-ie-driver\3.14.0\selenium-ie-driver-3.14.0.jar;C:\Users\Shekhar\.m2\repository\org\seleniumhq\selenium\selenium-opera-driver\3.14.0\selenium-opera-driver-3.14.0.jar;C:\Users\Shekhar\.m2\repository\org\seleniumhq\selenium\selenium-remote-driver\3.14.0\selenium-remote-driver-3.14.0.jar;C:\Users\Shekhar\.m2\repository\org\seleniumhq\selenium\selenium-safari-driver\3.14.0\selenium-safari-driver-3.14.0.jar;C:\Users\Shekhar\.m2\repository\org\seleniumhq\selenium\selenium-support\3.14.0\selenium-support-3.14.0.jar;C:\Users\Shekhar\.m2\repository\net\bytebuddy\byte-buddy\1.8.15\byte-buddy-1.8.15.jar;C:\Users\Shekhar\.m2\repository\org\apache\commons\commons-exec\1.3\commons-exec-1.3.jar;C:\Users\Shekhar\.m2\repository\commons-logging\commons-logging\1.2\commons-logging-1.2.jar;C:\Users\Shekhar\.m2\repository\org\apache\httpcomponents\httpcore\4.4.9\httpcore-4.4.9.jar;C:\Users\Shekhar\.m2\repository\com\squareup\okhttp3\okhttp\3.10.0\okhttp-3.10.0.jar;C:\Users\Shekhar\.m2\repository\com\squareup\okio\okio\1.14.1\okio-1.14.1.jar;C:\Users\Shekhar\.m2\repository\com\aventstack\extentreports\3.1.2\extentreports-3.1.2.jar;C:\Users\Shekhar\.m2\repository\org\freemarker\freemarker\2.3.23\freemarker-2.3.23.jar;C:\Users\Shekhar\.m2\repository\org\mongodb\mongodb-driver\3.3.0\mongodb-driver-3.3.0.jar;C:\Users\Shekhar\.m2\repository\org\mongodb\bson\3.3.0\bson-3.3.0.jar;C:\Users\Shekhar\.m2\repository\org\mongodb\mongodb-driver-core\3.3.0\mongodb-driver-core-3.3.0.jar;C:\Users\Shekhar\.m2\repository\org\apache\httpcomponents\httpmime\4.5.2\httpmime-4.5.2.jar;C:\Users\Shekhar\.m2\repository\org\jsoup\jsoup\1.9.2\jsoup-1.9.2.jar;C:\Users\Shekhar\.m2\repository\org\testng\testng\6.14.3\testng-6.14.3.jar;C:\Users\Shekhar\.m2\repository\com\beust\jcommander\1.72\jcommander-1.72.jar;C:\Users\Shekhar\.m2\repository\org\apache-extras\beanshell\bsh\2.0b6\bsh-2.0b6.jar;C:\Users\Shekhar\.m2\repository\com\google\code\gson\gson\2.8.5\gson-2.8.5.jar;C:\Users\Shekhar\.m2\repository\org\apache\httpcomponents\httpclient\4.5.6\httpclient-4.5.6.jar;C:\Users\Shekhar\.m2\repository\com\google\guava\guava\23.0\guava-23.0.jar;C:\Users\Shekhar\.m2\repository\com\google\code\findbugs\jsr305\1.3.9\jsr305-1.3.9.jar;C:\Users\Shekhar\.m2\repository\com\google\errorprone\error_prone_annotations\2.0.18\error_prone_annotations-2.0.18.jar;C:\Users\Shekhar\.m2\repository\com\google\j2objc\j2objc-annotations\1.1\j2objc-annotations-1.1.jar;C:\Users\Shekhar\.m2\repository\org\codehaus\mojo\animal-sniffer-annotations\1.14\animal-sniffer-annotations-1.14.jar;C:\Users\Shekhar\.m2\repository\cglib\cglib\3.2.9\cglib-3.2.9.jar;C:\Users\Shekhar\.m2\repository\org\ow2\asm\asm\7.0\asm-7.0.jar;C:\Users\Shekhar\.m2\repository\org\apache\ant\ant\1.10.3\ant-1.10.3.jar;C:\Users\Shekhar\.m2\repository\org\apache\ant\ant-launcher\1.10.3\ant-launcher-1.10.3.jar;C:\Users\Shekhar\.m2\repository\commons-validator\commons-validator\1.6\commons-validator-1.6.jar;C:\Users\Shekhar\.m2\repository\commons-beanutils\commons-beanutils\1.9.2\commons-beanutils-1.9.2.jar;C:\Users\Shekhar\.m2\repository\commons-digester\commons-digester\1.8.1\commons-digester-1.8.1.jar;C:\Users\Shekhar\.m2\repository\commons-collections\commons-collections\3.2.2\commons-collections-3.2.2.jar;C:\Users\Shekhar\.m2\repository\javax\mail\mail\1.4.7\mail-1.4.7.jar;C:\Users\Shekhar\.m2\repository\javax\activation\activation\1.1\activation-1.1.jar;C:\Users\Shekhar\.m2\repository\commons-io\commons-io\1.3.2\commons-io-1.3.2.jar;C:\Users\Shekhar\.m2\repository\net\sf\saxon\saxon\8.7\saxon-8.7.jar;"/>
    <property name="sun.cpu.endian" value="little"/>
    <property name="user.home" value="C:\Users\Shekhar"/>
    <property name="user.language" value="en"/>
    <property name="java.specification.vendor" value="Oracle Corporation"/>
    <property name="java.home" value="C:\Program Files\Java\jdk1.8.0_161\jre"/>
    <property name="basedir" value="C:\Users\Shekhar\git\FirstProject1\HybridFramework"/>
    <property name="file.separator" value="\"/>
    <property name="line.separator" value="&#10;"/>
    <property name="java.vm.specification.vendor" value="Oracle Corporation"/>
    <property name="java.specification.name" value="Java Platform API Specification"/>
    <property name="java.awt.graphicsenv" value="sun.awt.Win32GraphicsEnvironment"/>
    <property name="surefire.real.class.path" value="C:\Users\Shekhar\AppData\Local\Temp\surefire71597616986696911\surefirebooter3239048877633724107.jar"/>
    <property name="sun.boot.class.path" value="C:\Program Files\Java\jdk1.8.0_161\jre\lib\resources.jar;C:\Program Files\Java\jdk1.8.0_161\jre\lib\rt.jar;C:\Program Files\Java\jdk1.8.0_161\jre\lib\sunrsasign.jar;C:\Program Files\Java\jdk1.8.0_161\jre\lib\jsse.jar;C:\Program Files\Java\jdk1.8.0_161\jre\lib\jce.jar;C:\Program Files\Java\jdk1.8.0_161\jre\lib\charsets.jar;C:\Program Files\Java\jdk1.8.0_161\jre\lib\jfr.jar;C:\Program Files\Java\jdk1.8.0_161\jre\classes"/>
    <property name="user.script" value=""/>
    <property name="sun.management.compiler" value="HotSpot 64-Bit Tiered Compilers"/>
    <property name="java.runtime.version" value="1.8.0_161-b12"/>
    <property name="user.name" value="Shekhar"/>
    <property name="path.separator" value=";"/>
    <property name="os.version" value="10.0"/>
    <property name="java.endorsed.dirs" value="C:\Program Files\Java\jdk1.8.0_161\jre\lib\endorsed"/>
    <property name="java.runtime.name" value="Java(TM) SE Runtime Environment"/>
    <property name="file.encoding" value="Cp1252"/>
    <property name="java.vm.name" value="Java HotSpot(TM) 64-Bit Server VM"/>
    <property name="localRepository" value="C:\Users\Shekhar\.m2\repository"/>
    <property name="java.vendor.url.bug" value="http://bugreport.sun.com/bugreport/"/>
    <property name="java.io.tmpdir" value="C:\Users\Shekhar\AppData\Local\Temp\"/>
    <property name="propertyname" value="USERNAME_01"/>
    <property name="java.version" value="1.8.0_161"/>
    <property name="user.dir" value="C:\Users\Shekhar\git\FirstProject1\HybridFramework"/>
    <property name="os.arch" value="amd64"/>
    <property name="java.vm.specification.name" value="Java Virtual Machine Specification"/>
    <property name="java.awt.printerjob" value="sun.awt.windows.WPrinterJob"/>
    <property name="sun.os.patch.level" value=""/>
    <property name="java.library.path" value="C:\Program Files\Java\jdk1.8.0_161\jre\bin;C:\WINDOWS\Sun\Java\bin;C:\WINDOWS\system32;C:\WINDOWS;C:\ProgramData\Oracle\Java\javapath;C:\WINDOWS\system32;C:\WINDOWS;C:\WINDOWS\System32\Wbem;C:\WINDOWS\System32\WindowsPowerShell\v1.0\;%JAVA_HOME%\bin;%SPARK_HOME%\bin;C:\apache-maven-3.5.3\bin;C:\WINDOWS\System32\OpenSSH\;C:\selenium\drivers;C:\apache-ant-1.10.5\bin;C:\Program Files\Git\cmd;C:\Users\Shekhar\AppData\Local\Programs\Python\Python37-32\Scripts\;C:\Users\Shekhar\AppData\Local\Programs\Python\Python37-32\;C:\Users\Shekhar\AppData\Local\Microsoft\WindowsApps;;C:\Users\Shekhar\AppData\Local\Programs\Microsoft VS Code\bin;."/>
    <property name="java.vm.info" value="mixed mode"/>
    <property name="java.vendor" value="Oracle Corporation"/>
    <property name="java.vm.version" value="25.161-b12"/>
    <property name="java.ext.dirs" value="C:\Program Files\Java\jdk1.8.0_161\jre\lib\ext;C:\WINDOWS\Sun\Java\lib\ext"/>
    <property name="sun.io.unicode.encoding" value="UnicodeLittle"/>
    <property name="java.class.version" value="52.0"/>
  </properties>
  <testcase name="YahooSignUp" classname="com.pge.hybrid.testcases.yahoosuite.YahooSignUp" time="0">
    <skipped message="Runmode is set to NO"/>
    <system-out><![CDATA[*** YahooSignIn
The username is null
*** YahooSignUp
The username is null
C:\HybridFramework\HybridFramework\Files\Yahoo.xlsx
C:\HybridFramework\HybridFramework\Files\Yahoo.xlsx
YahooSignIn
Row Number of test is 5
Total Cols - 9
Total Rows 1
{Year=1986.0, LN=Sharma, FN=Shekhar, BirthMonth=May, Runmode=Y, Mobile=9.999999999E9, Email=sharmashekhar8686, Day=17.0, Browser=Chrome}
----------------
YahooSignIn
Row Number of test is 1
Total Cols - 5
Total Rows 1
{Username=shekhar, url=https://login.yahoo.com/, Password=1234, Runmode=Y, Browser=Mozilla}
----------------
C:\HybridFramework\HybridFramework\reports\Tue_Jan_15_01_46_26_PST_2019//Report.html
C:\HybridFramework\HybridFramework\reports\Tue_Jan_15_01_46_26_PST_2019//Report.html
]]></system-out>
  </testcase>
  <testcase name="yahooSignIn" classname="com.pge.hybrid.testcases.yahoosuite.YahooSignIn" time="0">
    <skipped message="Runmode is set to NO"/>
  </testcase>
  <testcase name="GmailSignUp" classname="com.pge.hybrid.testcases.gmailsuite.GmailSignUp" time="0">
    <skipped message="Runmode is set to NO"/>
    <system-out><![CDATA[*** GmailLogin
The username is null
C:\HybridFramework\HybridFramework\Files\Gmail.xlsx
*** GmailSignUp
The username is null
C:\HybridFramework\HybridFramework\Files\Gmail.xlsx
GmailLogin
Row Number of test is 5
Total Cols - 4
Total Rows 2
{Runmode=Y, FN=Shekhar, LN=Sharma, Browser=Chrome}
----------------
{Runmode=Y, FN=Pankaj, LN=Jasrotia, Browser=Mozilla}
----------------
]]></system-out>
  </testcase>
  <testcase name="GmailSignUp" classname="com.pge.hybrid.testcases.gmailsuite.GmailSignUp" time="0">
    <skipped message="Runmode is set to NO"/>
    <system-out><![CDATA[GmailLogin
Row Number of test is 1
Total Cols - 6
Total Rows 1
{Username=sharmashekhar86, ExpectedResult=Loginsuccess, url=https://www.google.com/intl/en-GB/gmail/about/#, Password=hello, Runmode=Y, Browser=Chrome}
----------------
]]></system-out>
  </testcase>
  <testcase name="gmaillogin" classname="com.pge.hybrid.testcases.gmailsuite.GmailLogin" time="0">
    <skipped message="Runmode is set to NO"/>
  </testcase>
  <testcase name="AppScanSite" classname="com.pge.hybrid.testcases.facebooksuite.FacebookTest" time="0">
    <skipped message="Runmode is set to NO"/>
    <system-out><![CDATA[*** FacebookTest
The username is null
C:\HybridFramework\HybridFramework\Files\facebook.xlsx
facebookLogin
Row Number of test is 10
Total Cols - 5
Total Rows 1
{Username=jsmith, url=http://demo.testfire.net/, Password=demo1234, Runmode=Y, Browser=Chrome}
----------------
]]></system-out>
  </testcase>
  <testcase name="UploadFile" classname="com.pge.hybrid.testcases.facebooksuite.UploadFiles" time="0">
    <skipped message="Runmode is set to NO"/>
    <system-out><![CDATA[*** UploadFiles
The username is null
C:\HybridFramework\HybridFramework\Files\facebook.xlsx
facebookLogin
Row Number of test is 6
Total Cols - 7
Total Rows 1
{Username=, ExpectedResult=, url=https://imgur.com/upload, filePath=C:\\HybridFramework\\HybridFramework\\Files\\FileUpload.exe, Password=, Runmode=Y, Browser=Chrome}
----------------
]]></system-out>
  </testcase>
  <testcase name="facebookLogin" classname="com.pge.hybrid.testcases.facebooksuite.FacebookTest" time="0">
    <skipped message="Runmode is set to NO"/>
    <system-out><![CDATA[facebookLogin
Row Number of test is 1
Total Cols - 7
Total Rows 2
{Username=shekhar_20_nice@yahoo.co.in, ExpectedResult=Success, url=https://www.facebook.com, filePath=C:\\HybridFramework\\HybridFramework\\Files\\FileUpload.exe, Password=, Runmode=Y, Browser=Chrome}
----------------
{Username=shekhar_20_nice@yahoo.co.in, ExpectedResult=Success, url=https://www.facebook.com, filePath=C:\\HybridFramework\\HybridFramework\\Files\\FileUpload.exe, Password=, Runmode=N, Browser=IE}
----------------
]]></system-out>
  </testcase>
  <testcase name="facebookLogin" classname="com.pge.hybrid.testcases.facebooksuite.FacebookTest" time="0">
    <skipped message="Runmode is set to NO"/>
  </testcase>
</testsuite>