<?xml version="1.0" encoding="UTF-8"?>
<!-- Generated by org.testng.reporters.JUnitReportReporter -->
<testsuite skipped="0" hostname="DESKTOP-84KGOP9" name="com.pge.hybrid.testcases.gmailsuite.GmailLogin" tests="1" failures="0" timestamp="28 Nov 2018 12:51:07 GMT" time="43.507" errors="0">
  <testcase name="gmaillogin" time="43.507" classname="com.pge.hybrid.testcases.gmailsuite.GmailLogin"/>
</testsuite> <!-- com.pge.hybrid.testcases.gmailsuite.GmailLogin -->
