<?xml version="1.0" encoding="UTF-8"?>
<!-- Generated by org.testng.reporters.JUnitReportReporter -->
<testsuite skipped="3" hostname="DESKTOP-84KGOP9" name="com.pge.hybrid.testcases.facebooksuite.FacebookTest" tests="3" failures="0" timestamp="13 Dec 2018 06:13:31 GMT" time="1.514" errors="0">
  <testcase name="AppScanSite" time="0.131" classname="com.pge.hybrid.testcases.facebooksuite.FacebookTest">
    <skipped/>
  </testcase> <!-- AppScanSite -->
  <testcase name="facebookLogin" time="1.148" classname="com.pge.hybrid.testcases.facebooksuite.FacebookTest">
    <skipped/>
  </testcase> <!-- facebookLogin -->
  <testcase name="facebookLogin" time="0.235" classname="com.pge.hybrid.testcases.facebooksuite.FacebookTest">
    <skipped/>
  </testcase> <!-- facebookLogin -->
</testsuite> <!-- com.pge.hybrid.testcases.facebooksuite.FacebookTest -->
