<?xml version="1.0" encoding="UTF-8"?>
<!-- Generated by org.testng.reporters.JUnitReportReporter -->
<testsuite skipped="0" hostname="DESKTOP-84KGOP9" name="com.pge.hybrid.testcases.facebooksuite.UploadFiles" tests="1" failures="0" timestamp="30 Nov 2018 04:22:21 GMT" time="65.043" errors="0">
  <testcase name="UploadFile" time="65.043" classname="com.pge.hybrid.testcases.facebooksuite.UploadFiles"/>
</testsuite> <!-- com.pge.hybrid.testcases.facebooksuite.UploadFiles -->
