<?xml version="1.0" encoding="UTF-8"?>
<!-- Generated by org.testng.reporters.JUnitReportReporter -->
<testsuite skipped="1" hostname="DESKTOP-84KGOP9" name="com.pge.hybrid.testcases.facebooksuite.FacebookTest" tests="2" failures="0" timestamp="30 Nov 2018 11:59:02 GMT" time="88.550" errors="0">
  <testcase name="facebookLogin" time="0.180" classname="com.pge.hybrid.testcases.facebooksuite.FacebookTest">
    <skipped/>
  </testcase> <!-- facebookLogin -->
  <testcase name="facebookLogin" time="88.370" classname="com.pge.hybrid.testcases.facebooksuite.FacebookTest"/>
</testsuite> <!-- com.pge.hybrid.testcases.facebooksuite.FacebookTest -->
