<?xml version="1.0" encoding="UTF-8"?>
<!-- Generated by org.testng.reporters.JUnitReportReporter -->
<testsuite skipped="1" hostname="DESKTOP-84KGOP9" name="com.pge.hybrid.testcases.yahoosuite.YahooSignIn" tests="1" failures="0" timestamp="15 Jan 2019 11:03:15 GMT" time="1.303" errors="0">
  <testcase name="yahooSignIn" time="1.303" classname="com.pge.hybrid.testcases.yahoosuite.YahooSignIn">
    <skipped/>
  </testcase> <!-- yahooSignIn -->
</testsuite> <!-- com.pge.hybrid.testcases.yahoosuite.YahooSignIn -->
