<?xml version="1.0" encoding="UTF-8"?>
<!-- Generated by org.testng.reporters.JUnitReportReporter -->
<testsuite skipped="1" hostname="DESKTOP-84KGOP9" name="com.pge.hybrid.testcases.yahoosuite.YahooSignIn" tests="1" failures="0" timestamp="30 Nov 2018 11:59:02 GMT" time="1.566" errors="0">
  <testcase name="yahooSignIn" time="1.566" classname="com.pge.hybrid.testcases.yahoosuite.YahooSignIn">
    <skipped/>
  </testcase> <!-- yahooSignIn -->
</testsuite> <!-- com.pge.hybrid.testcases.yahoosuite.YahooSignIn -->
