<?xml version="1.0" encoding="UTF-8"?>
<!-- Generated by org.testng.reporters.JUnitReportReporter -->
<testsuite skipped="2" hostname="DESKTOP-84KGOP9" name="com.pge.hybrid.testcases.facebooksuite.FacebookTest" tests="3" failures="0" timestamp="12 Dec 2018 12:50:21 GMT" time="12.409" errors="0">
  <testcase name="AppScanSite" time="11.796" classname="com.pge.hybrid.testcases.facebooksuite.FacebookTest"/>
  <testcase name="facebookLogin" time="0.505" classname="com.pge.hybrid.testcases.facebooksuite.FacebookTest">
    <skipped/>
  </testcase> <!-- facebookLogin -->
  <testcase name="facebookLogin" time="0.108" classname="com.pge.hybrid.testcases.facebooksuite.FacebookTest">
    <skipped/>
  </testcase> <!-- facebookLogin -->
</testsuite> <!-- com.pge.hybrid.testcases.facebooksuite.FacebookTest -->
