<?xml version="1.0" encoding="UTF-8"?>
<!-- Generated by org.testng.reporters.JUnitReportReporter -->
<testsuite skipped="1" hostname="DESKTOP-84KGOP9" name="com.pge.hybrid.testcases.gmailsuite.GmailLogin" tests="1" failures="0" timestamp="30 Nov 2018 04:22:21 GMT" time="2.767" errors="0">
  <testcase name="gmaillogin" time="2.767" classname="com.pge.hybrid.testcases.gmailsuite.GmailLogin">
    <skipped/>
  </testcase> <!-- gmaillogin -->
</testsuite> <!-- com.pge.hybrid.testcases.gmailsuite.GmailLogin -->
