<?xml version="1.0" encoding="UTF-8"?>
<!-- Generated by org.testng.reporters.JUnitReportReporter -->
<testsuite skipped="0" hostname="DESKTOP-84KGOP9" name="com.pge.hybrid.testcases.facebooksuite.UploadFiles" tests="1" failures="0" timestamp="30 Nov 2018 11:59:02 GMT" time="78.970" errors="0">
  <testcase name="UploadFile" time="78.970" classname="com.pge.hybrid.testcases.facebooksuite.UploadFiles"/>
</testsuite> <!-- com.pge.hybrid.testcases.facebooksuite.UploadFiles -->
