<?xml version="1.0" encoding="UTF-8"?>
<!-- Generated by org.testng.reporters.JUnitReportReporter -->
<testsuite skipped="1" hostname="DESKTOP-84KGOP9" name="com.pge.hybrid.testcases.yahoosuite.YahooSignUp" tests="1" failures="0" timestamp="18 Jan 2019 13:39:32 GMT" time="0.327" errors="0">
  <testcase name="YahooSignUp" time="0.327" classname="com.pge.hybrid.testcases.yahoosuite.YahooSignUp">
    <skipped/>
  </testcase> <!-- YahooSignUp -->
</testsuite> <!-- com.pge.hybrid.testcases.yahoosuite.YahooSignUp -->
