<?xml version="1.0" encoding="UTF-8"?>
<!-- Generated by org.testng.reporters.JUnitReportReporter -->
<testsuite skipped="2" hostname="DESKTOP-84KGOP9" name="com.pge.hybrid.testcases.gmailsuite.GmailSignUp" tests="2" failures="0" timestamp="18 Jan 2019 13:39:32 GMT" time="1.105" errors="0">
  <testcase name="GmailSignUp" time="0.991" classname="com.pge.hybrid.testcases.gmailsuite.GmailSignUp">
    <skipped/>
  </testcase> <!-- GmailSignUp -->
  <testcase name="GmailSignUp" time="0.114" classname="com.pge.hybrid.testcases.gmailsuite.GmailSignUp">
    <skipped/>
  </testcase> <!-- GmailSignUp -->
</testsuite> <!-- com.pge.hybrid.testcases.gmailsuite.GmailSignUp -->
