<?xml version="1.0" encoding="UTF-8"?>
<!-- Generated by org.testng.reporters.JUnitReportReporter -->
<testsuite skipped="2" hostname="DESKTOP-84KGOP9" name="com.pge.hybrid.testcases.facebooksuite.FacebookTest" tests="2" failures="0" timestamp="30 Nov 2018 04:22:21 GMT" time="2.496" errors="0">
  <testcase name="facebookLogin" time="0.530" classname="com.pge.hybrid.testcases.facebooksuite.FacebookTest">
    <skipped/>
  </testcase> <!-- facebookLogin -->
  <testcase name="facebookLogin" time="1.966" classname="com.pge.hybrid.testcases.facebooksuite.FacebookTest">
    <skipped/>
  </testcase> <!-- facebookLogin -->
</testsuite> <!-- com.pge.hybrid.testcases.facebooksuite.FacebookTest -->
