<?xml version="1.0" encoding="UTF-8"?>
<!-- Generated by org.testng.reporters.JUnitReportReporter -->
<testsuite skipped="1" hostname="DESKTOP-84KGOP9" name="com.pge.hybrid.testcases.yahoosuite.YahooSignUp" tests="1" failures="0" timestamp="15 Jan 2019 11:03:15 GMT" time="1.238" errors="0">
  <testcase name="YahooSignUp" time="1.238" classname="com.pge.hybrid.testcases.yahoosuite.YahooSignUp">
    <skipped/>
  </testcase> <!-- YahooSignUp -->
</testsuite> <!-- com.pge.hybrid.testcases.yahoosuite.YahooSignUp -->
