<?xml version="1.0" encoding="UTF-8"?>
<!-- Generated by org.testng.reporters.JUnitReportReporter -->
<testsuite skipped="1" hostname="DESKTOP-84KGOP9" name="com.pge.hybrid.testcases.yahoosuite.YahooSignUp" tests="1" failures="0" timestamp="30 Nov 2018 11:59:02 GMT" time="1.502" errors="0">
  <testcase name="YahooSignUp" time="1.502" classname="com.pge.hybrid.testcases.yahoosuite.YahooSignUp">
    <skipped/>
  </testcase> <!-- YahooSignUp -->
</testsuite> <!-- com.pge.hybrid.testcases.yahoosuite.YahooSignUp -->
