<?xml version="1.0" encoding="UTF-8"?>
<!-- Generated by org.testng.reporters.JUnitReportReporter -->
<testsuite skipped="1" hostname="DESKTOP-84KGOP9" name="com.pge.hybrid.testcases.facebooksuite.UploadFiles" tests="1" failures="0" timestamp="18 Jan 2019 13:39:32 GMT" time="1.497" errors="0">
  <testcase name="UploadFile" time="1.497" classname="com.pge.hybrid.testcases.facebooksuite.UploadFiles">
    <skipped/>
  </testcase> <!-- UploadFile -->
</testsuite> <!-- com.pge.hybrid.testcases.facebooksuite.UploadFiles -->
