<?xml version="1.0" encoding="UTF-8"?>
<!-- Generated by org.testng.reporters.JUnitReportReporter -->
<testsuite skipped="2" hostname="DESKTOP-84KGOP9" name="com.pge.hybrid.testcases.gmailsuite.GmailSignUp" tests="2" failures="0" timestamp="16 Jan 2019 16:00:23 GMT" time="1.749" errors="0">
  <testcase name="GmailSignUp" time="0.400" classname="com.pge.hybrid.testcases.gmailsuite.GmailSignUp">
    <skipped/>
  </testcase> <!-- GmailSignUp -->
  <testcase name="GmailSignUp" time="1.349" classname="com.pge.hybrid.testcases.gmailsuite.GmailSignUp">
    <skipped/>
  </testcase> <!-- GmailSignUp -->
</testsuite> <!-- com.pge.hybrid.testcases.gmailsuite.GmailSignUp -->
