<?xml version="1.0" encoding="UTF-8"?>
<!-- Generated by org.testng.reporters.JUnitReportReporter -->
<testsuite skipped="3" hostname="DESKTOP-84KGOP9" name="com.pge.hybrid.testcases.facebooksuite.FacebookTest" tests="3" failures="0" timestamp="15 Jan 2019 09:46:30 GMT" time="1.093" errors="0">
  <testcase name="facebookLogin" time="0.195" classname="com.pge.hybrid.testcases.facebooksuite.FacebookTest">
    <skipped/>
  </testcase> <!-- facebookLogin -->
  <testcase name="AppScanSite" time="0.785" classname="com.pge.hybrid.testcases.facebooksuite.FacebookTest">
    <skipped/>
  </testcase> <!-- AppScanSite -->
  <testcase name="facebookLogin" time="0.113" classname="com.pge.hybrid.testcases.facebooksuite.FacebookTest">
    <skipped/>
  </testcase> <!-- facebookLogin -->
</testsuite> <!-- com.pge.hybrid.testcases.facebooksuite.FacebookTest -->
