<?xml version="1.0" encoding="UTF-8"?>
<!-- Generated by org.testng.reporters.JUnitReportReporter -->
<testsuite skipped="2" hostname="DESKTOP-84KGOP9" name="com.pge.hybrid.testcases.gmailsuite.GmailSignUp" tests="2" failures="0" timestamp="16 Jan 2019 08:15:46 GMT" time="0.281" errors="0">
  <testcase name="GmailSignUp" time="0.149" classname="com.pge.hybrid.testcases.gmailsuite.GmailSignUp">
    <skipped/>
  </testcase> <!-- GmailSignUp -->
  <testcase name="GmailSignUp" time="0.132" classname="com.pge.hybrid.testcases.gmailsuite.GmailSignUp">
    <skipped/>
  </testcase> <!-- GmailSignUp -->
</testsuite> <!-- com.pge.hybrid.testcases.gmailsuite.GmailSignUp -->
