<?xml version="1.0" encoding="UTF-8"?>
<!-- Generated by org.testng.reporters.JUnitReportReporter -->
<testsuite skipped="2" hostname="DESKTOP-84KGOP9" name="com.pge.hybrid.testcases.facebooksuite.FacebookTest" tests="2" failures="0" timestamp="16 Jan 2019 09:49:09 GMT" time="0.000" errors="0">
  <testcase name="facebookLogin" time="0.000" classname="com.pge.hybrid.testcases.facebooksuite.FacebookTest">
    <skipped/>
  </testcase> <!-- facebookLogin -->
  <testcase name="AppScanSite" time="0.000" classname="com.pge.hybrid.testcases.facebooksuite.FacebookTest">
    <skipped/>
  </testcase> <!-- AppScanSite -->
</testsuite> <!-- com.pge.hybrid.testcases.facebooksuite.FacebookTest -->
